<?xml version="1.0" encoding="UTF-8"?>
<!-- Generated by org.testng.reporters.JUnitXMLReporter -->
<testsuite ignored="0" hostname="DESKTOP-9NP4PP6" failures="0" tests="2" name="TestScenarios" time="36.423" errors="0" timestamp="06 Apr. 2021 11:52:43 GMT">
  <testcase classname="com.timetracker.testcases.TestScenarios" name="updateUserPassword" time="7.956"/>
  <testcase classname="com.timetracker.testcases.TestScenarios" name="updateUserLogin" time="7.404"/>
</testsuite> <!-- TestScenarios -->
