<?xml version="1.0" encoding="UTF-8"?>
<testng-results ignored="0" total="2" passed="2" failed="0" skipped="0">
  <reporter-output>
  </reporter-output>
  <suite started-at="2021-04-06T13:10:27Z" name="TimeTrackerTestSuite" finished-at="2021-04-06T13:11:03Z" duration-ms="36310">
    <groups>
    </groups>
    <test started-at="2021-04-06T13:10:27Z" name="TestScenarios" finished-at="2021-04-06T13:11:03Z" duration-ms="36310">
      <class name="com.timetracker.testcase.TestScenarios">
        <test-method is-config="true" signature="initializeDriver()[pri:0, instance:com.timetracker.testcase.TestScenarios@740773a3]" started-at="2021-04-06T13:10:27Z" name="initializeDriver" finished-at="2021-04-06T13:10:38Z" duration-ms="10904" status="PASS">
          <reporter-output>
          </reporter-output>
        </test-method> <!-- initializeDriver -->
        <test-method signature="updateUserPassword()[pri:0, instance:com.timetracker.testcase.TestScenarios@740773a3]" started-at="2021-04-06T13:10:38Z" name="updateUserPassword" finished-at="2021-04-06T13:10:46Z" duration-ms="8045" status="PASS">
          <reporter-output>
          </reporter-output>
        </test-method> <!-- updateUserPassword -->
        <test-method is-config="true" signature="closeDriver()[pri:0, instance:com.timetracker.testcase.TestScenarios@740773a3]" started-at="2021-04-06T13:10:46Z" name="closeDriver" finished-at="2021-04-06T13:10:46Z" duration-ms="187" status="PASS">
          <reporter-output>
          </reporter-output>
        </test-method> <!-- closeDriver -->
        <test-method is-config="true" signature="initializeDriver()[pri:0, instance:com.timetracker.testcase.TestScenarios@740773a3]" started-at="2021-04-06T13:10:46Z" name="initializeDriver" finished-at="2021-04-06T13:10:56Z" duration-ms="9917" status="PASS">
          <reporter-output>
          </reporter-output>
        </test-method> <!-- initializeDriver -->
        <test-method signature="updateUserLogin()[pri:1, instance:com.timetracker.testcase.TestScenarios@740773a3]" started-at="2021-04-06T13:10:56Z" name="updateUserLogin" finished-at="2021-04-06T13:11:03Z" duration-ms="6998" status="PASS">
          <reporter-output>
          </reporter-output>
        </test-method> <!-- updateUserLogin -->
        <test-method is-config="true" signature="closeDriver()[pri:0, instance:com.timetracker.testcase.TestScenarios@740773a3]" started-at="2021-04-06T13:11:03Z" name="closeDriver" finished-at="2021-04-06T13:11:03Z" duration-ms="228" status="PASS">
          <reporter-output>
          </reporter-output>
        </test-method> <!-- closeDriver -->
      </class> <!-- com.timetracker.testcase.TestScenarios -->
    </test> <!-- TestScenarios -->
  </suite> <!-- TimeTrackerTestSuite -->
</testng-results>
